# JRE version: OpenJDK Runtime Environment Temurin-21.0.4+7 (21.0.4+7) (build 21.0.4+7-LTS)
# Java VM: OpenJDK 64-Bit Server VM Temurin-21.0.4+7 (21.0.4+7-LTS, mixed mode, emulated-client, tiered, compressed oops, compressed class ptrs, g1 gc, windows-amd64)
GC Precious Log:
 CardTable entry size: 512
 Card Set container configuration: InlinePtr #cards 4 size 8 Array Of Cards #cards 16 size 48 Howl #buckets 8 coarsen threshold 3686 Howl Bitmap #cards 512 size 80 coarsen threshold 460 Card regions per heap region 1 cards per card region 4096
 CPUs: 4 total, 4 available
 Memory: 16298M
 Large Page Support: Disabled
 NUMA Support: Disabled
 Compressed Oops: Enabled (Zero based)
 Heap Region Size: 2M
 Heap Min Capacity: 8M
 Heap Initial Capacity: 256M
 Heap Max Capacity: 4076M
 Pre-touch: Disabled
 Parallel Workers: 4
 Concurrent Workers: 1
 Concurrent Refinement Workers: 4
 Periodic GC: Disabled
Heap:
 garbage-first heap   total 155648K, used 18209K [0x0000000701400000, 0x0000000800000000)
  region size 2048K, 4 young (8192K), 2 survivors (4096K)
 Metaspace       used 43979K, committed 44800K, reserved 1114112K
  class space    used 5294K, committed 5632K, reserved 1048576K
GC Heap History (20 events):
Event: 59.657 GC heap before
{Heap before GC invocations=13 (full 0):
 garbage-first heap   total 49152K, used 39411K [0x0000000701400000, 0x0000000800000000)
  region size 2048K, 14 young (28672K), 2 survivors (4096K)
 Metaspace       used 41724K, committed 42368K, reserved 1114112K
  class space    used 5035K, committed 5312K, reserved 1048576K
}
Event: 59.675 GC heap after
{Heap after GC invocations=14 (full 0):
 garbage-first heap   total 49152K, used 16260K [0x0000000701400000, 0x0000000800000000)
  region size 2048K, 2 young (4096K), 2 survivors (4096K)
 Metaspace       used 41724K, committed 42368K, reserved 1114112K
  class space    used 5035K, committed 5312K, reserved 1048576K
}
Event: 161.688 GC heap before
{Heap before GC invocations=14 (full 0):
 garbage-first heap   total 49152K, used 38788K [0x0000000701400000, 0x0000000800000000)
  region size 2048K, 13 young (26624K), 2 survivors (4096K)
 Metaspace       used 44041K, committed 44672K, reserved 1114112K
  class space    used 5330K, committed 5632K, reserved 1048576K
}
Event: 161.703 GC heap after
{Heap after GC invocations=15 (full 0):
 garbage-first heap   total 49152K, used 17101K [0x0000000701400000, 0x0000000800000000)
  region size 2048K, 1 young (2048K), 1 survivors (2048K)
 Metaspace       used 44041K, committed 44672K, reserved 1114112K
  class space    used 5330K, committed 5632K, reserved 1048576K
}
Event: 269.181 GC heap before
{Heap before GC invocations=15 (full 0):
 garbage-first heap   total 49152K, used 19149K [0x0000000701400000, 0x0000000800000000)
  region size 2048K, 3 young (6144K), 1 survivors (2048K)
 Metaspace       used 44197K, committed 44800K, reserved 1114112K
  class space    used 5354K, committed 5632K, reserved 1048576K
}
Event: 269.249 GC heap after
{Heap after GC invocations=16 (full 1):
 garbage-first heap   total 49152K, used 12301K [0x0000000701400000, 0x0000000800000000)
  region size 2048K, 0 young (0K), 0 survivors (0K)
 Metaspace       used 43876K, committed 44800K, reserved 1114112K
  class space    used 5272K, committed 5632K, reserved 1048576K
}
Event: 272.384 GC heap before
{Heap before GC invocations=16 (full 1):
 garbage-first heap   total 49152K, used 38925K [0x0000000701400000, 0x0000000800000000)
  region size 2048K, 14 young (28672K), 0 survivors (0K)
 Metaspace       used 44034K, committed 44800K, reserved 1114112K
  class space    used 5313K, committed 5632K, reserved 1048576K
}
Event: 272.390 GC heap after
{Heap after GC invocations=17 (full 1):
 garbage-first heap   total 49152K, used 16397K [0x0000000701400000, 0x0000000800000000)
  region size 2048K, 2 young (4096K), 2 survivors (4096K)
 Metaspace       used 44034K, committed 44800K, reserved 1114112K
  class space    used 5313K, committed 5632K, reserved 1048576K
}
Event: 533.744 GC heap before
{Heap before GC invocations=17 (full 1):
 garbage-first heap   total 49152K, used 22541K [0x0000000701400000, 0x0000000800000000)
  region size 2048K, 6 young (12288K), 2 survivors (4096K)
 Metaspace       used 44062K, committed 44800K, reserved 1114112K
  class space    used 5319K, committed 5632K, reserved 1048576K
}
Event: 533.834 GC heap after
{Heap after GC invocations=18 (full 2):
 garbage-first heap   total 49152K, used 13691K [0x0000000701400000, 0x0000000800000000)
  region size 2048K, 0 young (0K), 0 survivors (0K)
 Metaspace       used 43975K, committed 44800K, reserved 1114112K
  class space    used 5296K, committed 5632K, reserved 1048576K
}
Event: 535.264 GC heap before
{Heap before GC invocations=18 (full 2):
 garbage-first heap   total 49152K, used 40315K [0x0000000701400000, 0x0000000800000000)
  region size 2048K, 13 young (26624K), 0 survivors (0K)
 Metaspace       used 44006K, committed 44800K, reserved 1114112K
  class space    used 5304K, committed 5632K, reserved 1048576K
}
Event: 535.268 GC heap after
{Heap after GC invocations=19 (full 2):
 garbage-first heap   total 49152K, used 16401K [0x0000000701400000, 0x0000000800000000)
  region size 2048K, 2 young (4096K), 2 survivors (4096K)
 Metaspace       used 44006K, committed 44800K, reserved 1114112K
  class space    used 5304K, committed 5632K, reserved 1048576K
}
Event: 613.247 GC heap before
{Heap before GC invocations=19 (full 2):
 garbage-first heap   total 49152K, used 20497K [0x0000000701400000, 0x0000000800000000)
  region size 2048K, 5 young (10240K), 2 survivors (4096K)
 Metaspace       used 44012K, committed 44800K, reserved 1114112K
  class space    used 5306K, committed 5632K, reserved 1048576K
}
Event: 613.307 GC heap after
{Heap after GC invocations=20 (full 3):
 garbage-first heap   total 49152K, used 13831K [0x0000000701400000, 0x0000000800000000)
  region size 2048K, 0 young (0K), 0 survivors (0K)
 Metaspace       used 43939K, committed 44800K, reserved 1114112K
  class space    used 5286K, committed 5632K, reserved 1048576K
}
Event: 614.482 GC heap before
{Heap before GC invocations=20 (full 3):
 garbage-first heap   total 49152K, used 38407K [0x0000000701400000, 0x0000000800000000)
  region size 2048K, 13 young (26624K), 0 survivors (0K)
 Metaspace       used 43950K, committed 44800K, reserved 1114112K
  class space    used 5288K, committed 5632K, reserved 1048576K
}
Event: 614.488 GC heap after
{Heap after GC invocations=21 (full 3):
 garbage-first heap   total 49152K, used 16393K [0x0000000701400000, 0x0000000800000000)
  region size 2048K, 2 young (4096K), 2 survivors (4096K)
 Metaspace       used 43950K, committed 44800K, reserved 1114112K
  class space    used 5288K, committed 5632K, reserved 1048576K
}
Event: 617.058 GC heap before
{Heap before GC invocations=21 (full 3):
 garbage-first heap   total 49152K, used 16393K [0x0000000701400000, 0x0000000800000000)
  region size 2048K, 3 young (6144K), 2 survivors (4096K)
 Metaspace       used 43956K, committed 44800K, reserved 1114112K
  class space    used 5290K, committed 5632K, reserved 1048576K
}
Event: 617.120 GC heap after
{Heap after GC invocations=22 (full 4):
 garbage-first heap   total 49152K, used 13628K [0x0000000701400000, 0x0000000800000000)
  region size 2048K, 0 young (0K), 0 survivors (0K)
 Metaspace       used 43950K, committed 44800K, reserved 1114112K
  class space    used 5288K, committed 5632K, reserved 1048576K
}
Event: 617.995 GC heap before
{Heap before GC invocations=22 (full 4):
 garbage-first heap   total 49152K, used 40252K [0x0000000701400000, 0x0000000800000000)
  region size 2048K, 13 young (26624K), 0 survivors (0K)
 Metaspace       used 43974K, committed 44800K, reserved 1114112K
  class space    used 5293K, committed 5632K, reserved 1048576K
}
Event: 618.003 GC heap after
{Heap after GC invocations=23 (full 4):
 garbage-first heap   total 155648K, used 16161K [0x0000000701400000, 0x0000000800000000)
  region size 2048K, 2 young (4096K), 2 survivors (4096K)
 Metaspace       used 43974K, committed 44800K, reserved 1114112K
  class space    used 5293K, committed 5632K, reserved 1048576K
}

